<?xml version="1.0" encoding="UTF-8"?>
<!-- Generated by org.testng.reporters.JUnitReportReporter -->
<testsuite ignored="0" hostname="DESKTOP-8ING63T" failures="0" tests="1" name="Inicio.Selenium.AppTest" time="0.025" errors="0" timestamp="12 sep. 2020 13:56:18 GMT" skipped="0">
  <testcase classname="Inicio.Selenium.AppTest" name="shouldAnswerWithTrue" time="0.025"/>
</testsuite> <!-- Inicio.Selenium.AppTest -->
